TN:
SF:/Users/mark/GitHub/novemberborn/nyc-copenhagen-poc/unused.js
FNF:0
FNH:0
DA:1,0
LF:1
LH:0
BRF:0
BRH:0
end_of_record
TN:
SF:/Users/mark/GitHub/novemberborn/nyc-copenhagen-poc/source.js
FN:3,(anonymous_1)
FN:7,(anonymous_2)
FN:11,(anonymous_3)
FNF:3
FNH:2
FNDA:2,(anonymous_1)
FNDA:1,(anonymous_2)
FNDA:0,(anonymous_3)
DA:3,1
DA:4,2
DA:7,1
DA:8,1
DA:11,1
DA:12,0
LF:6
LH:5
BRF:0
BRH:0
end_of_record
TN:
SF:/Users/mark/GitHub/novemberborn/nyc-copenhagen-poc/run.js
FNF:0
FNH:0
DA:3,1
LF:1
LH:1
BRF:0
BRH:0
end_of_record
